2026-02-23 06:55:33,154 - root - INFO - [logging_config.py:69] - Logging configured with level: DEBUG
/home/marcus/.openclaw/workspace/cs50-final-project/venv/lib/python3.12/site-packages/flask_limiter/extension.py:324: UserWarning: Using the in-memory storage for tracking rate limits as no storage was explicitly specified. This is not recommended for production use. See: https://flask-limiter.readthedocs.io#configuring-a-storage-backend for documentation about configuring the storage backend.
  warnings.warn(
 * Debug mode: on
2026-02-23 06:55:33,266 - werkzeug - INFO - [_internal.py:97] - [31m[1mWARNING: This is a development server. Do not use it in a production deployment. Use a production WSGI server instead.[0m
 * Running on all addresses (0.0.0.0)
 * Running on http://127.0.0.1:5000
 * Running on http://10.100.0.100:5000
2026-02-23 06:55:33,266 - werkzeug - INFO - [_internal.py:97] - [33mPress CTRL+C to quit[0m
2026-02-23 06:55:33,266 - werkzeug - INFO - [_internal.py:97] -  * Restarting with stat
2026-02-23 06:55:33,775 - root - INFO - [logging_config.py:69] - Logging configured with level: DEBUG
/home/marcus/.openclaw/workspace/cs50-final-project/venv/lib/python3.12/site-packages/flask_limiter/extension.py:324: UserWarning: Using the in-memory storage for tracking rate limits as no storage was explicitly specified. This is not recommended for production use. See: https://flask-limiter.readthedocs.io#configuring-a-storage-backend for documentation about configuring the storage backend.
  warnings.warn(
2026-02-23 06:55:33,881 - werkzeug - WARNING - [_internal.py:97] -  * Debugger is active!
2026-02-23 06:55:33,883 - werkzeug - INFO - [_internal.py:97] -  * Debugger PIN: 130-493-478
2026-02-23 06:55:37,576 - werkzeug - INFO - [_internal.py:97] - 127.0.0.1 - - [23/Feb/2026 06:55:37] "GET /login HTTP/1.1" 200 -
2026-02-23 17:06:15,739 - werkzeug - INFO - [_internal.py:97] -  * Detected change in '/home/marcus/.openclaw/workspace/cs50-final-project/app/blueprints/client/__init__.py', reloading
2026-02-23 17:06:15,840 - werkzeug - INFO - [_internal.py:97] -  * Restarting with stat
2026-02-23 17:06:16,353 - root - INFO - [logging_config.py:69] - Logging configured with level: DEBUG
/home/marcus/.openclaw/workspace/cs50-final-project/venv/lib/python3.12/site-packages/flask_limiter/extension.py:324: UserWarning: Using the in-memory storage for tracking rate limits as no storage was explicitly specified. This is not recommended for production use. See: https://flask-limiter.readthedocs.io#configuring-a-storage-backend for documentation about configuring the storage backend.
  warnings.warn(
2026-02-23 17:06:16,460 - werkzeug - WARNING - [_internal.py:97] -  * Debugger is active!
2026-02-23 17:06:16,462 - werkzeug - INFO - [_internal.py:97] -  * Debugger PIN: 130-493-478
2026-02-23 17:06:20,527 - werkzeug - INFO - [_internal.py:97] -  * Detected change in '/home/marcus/.openclaw/workspace/cs50-final-project/app/__init__.py', reloading
2026-02-23 17:06:20,629 - werkzeug - INFO - [_internal.py:97] -  * Restarting with stat
2026-02-23 17:06:21,143 - root - INFO - [logging_config.py:69] - Logging configured with level: DEBUG
/home/marcus/.openclaw/workspace/cs50-final-project/venv/lib/python3.12/site-packages/flask_limiter/extension.py:324: UserWarning: Using the in-memory storage for tracking rate limits as no storage was explicitly specified. This is not recommended for production use. See: https://flask-limiter.readthedocs.io#configuring-a-storage-backend for documentation about configuring the storage backend.
  warnings.warn(
2026-02-23 17:06:21,249 - werkzeug - WARNING - [_internal.py:97] -  * Debugger is active!
2026-02-23 17:06:21,251 - werkzeug - INFO - [_internal.py:97] -  * Debugger PIN: 130-493-478
2026-02-23 17:06:24,340 - werkzeug - INFO - [_internal.py:97] -  * Detected change in '/home/marcus/.openclaw/workspace/cs50-final-project/app/__init__.py', reloading
2026-02-23 17:06:24,454 - werkzeug - INFO - [_internal.py:97] -  * Restarting with stat
2026-02-23 17:06:24,980 - root - INFO - [logging_config.py:69] - Logging configured with level: DEBUG
/home/marcus/.openclaw/workspace/cs50-final-project/venv/lib/python3.12/site-packages/flask_limiter/extension.py:324: UserWarning: Using the in-memory storage for tracking rate limits as no storage was explicitly specified. This is not recommended for production use. See: https://flask-limiter.readthedocs.io#configuring-a-storage-backend for documentation about configuring the storage backend.
  warnings.warn(
2026-02-23 17:06:25,086 - werkzeug - WARNING - [_internal.py:97] -  * Debugger is active!
2026-02-23 17:06:25,088 - werkzeug - INFO - [_internal.py:97] -  * Debugger PIN: 130-493-478
2026-02-23 17:06:28,140 - werkzeug - INFO - [_internal.py:97] -  * Detected change in '/home/marcus/.openclaw/workspace/cs50-final-project/app/__init__.py', reloading
2026-02-23 17:06:28,241 - werkzeug - INFO - [_internal.py:97] -  * Restarting with stat
2026-02-23 17:06:28,752 - root - INFO - [logging_config.py:69] - Logging configured with level: DEBUG
/home/marcus/.openclaw/workspace/cs50-final-project/venv/lib/python3.12/site-packages/flask_limiter/extension.py:324: UserWarning: Using the in-memory storage for tracking rate limits as no storage was explicitly specified. This is not recommended for production use. See: https://flask-limiter.readthedocs.io#configuring-a-storage-backend for documentation about configuring the storage backend.
  warnings.warn(
2026-02-23 17:06:28,858 - werkzeug - WARNING - [_internal.py:97] -  * Debugger is active!
2026-02-23 17:06:28,860 - werkzeug - INFO - [_internal.py:97] -  * Debugger PIN: 130-493-478
2026-02-23 17:06:32,923 - werkzeug - INFO - [_internal.py:97] -  * Detected change in '/home/marcus/.openclaw/workspace/cs50-final-project/app/__init__.py', reloading
2026-02-23 17:06:33,025 - werkzeug - INFO - [_internal.py:97] -  * Restarting with stat
2026-02-23 17:06:33,549 - root - INFO - [logging_config.py:69] - Logging configured with level: DEBUG
/home/marcus/.openclaw/workspace/cs50-final-project/venv/lib/python3.12/site-packages/flask_limiter/extension.py:324: UserWarning: Using the in-memory storage for tracking rate limits as no storage was explicitly specified. This is not recommended for production use. See: https://flask-limiter.readthedocs.io#configuring-a-storage-backend for documentation about configuring the storage backend.
  warnings.warn(
2026-02-23 17:06:33,623 - werkzeug - WARNING - [_internal.py:97] -  * Debugger is active!
2026-02-23 17:06:33,625 - werkzeug - INFO - [_internal.py:97] -  * Debugger PIN: 130-493-478
2026-02-23 17:07:05,023 - werkzeug - INFO - [_internal.py:97] -  * Detected change in '/home/marcus/.openclaw/workspace/cs50-final-project/app/__init__.py', reloading
2026-02-23 17:07:05,125 - werkzeug - INFO - [_internal.py:97] -  * Restarting with stat
2026-02-23 17:07:05,640 - root - INFO - [logging_config.py:69] - Logging configured with level: DEBUG
/home/marcus/.openclaw/workspace/cs50-final-project/venv/lib/python3.12/site-packages/flask_limiter/extension.py:324: UserWarning: Using the in-memory storage for tracking rate limits as no storage was explicitly specified. This is not recommended for production use. See: https://flask-limiter.readthedocs.io#configuring-a-storage-backend for documentation about configuring the storage backend.
  warnings.warn(
2026-02-23 17:07:05,714 - werkzeug - WARNING - [_internal.py:97] -  * Debugger is active!
2026-02-23 17:07:05,716 - werkzeug - INFO - [_internal.py:97] -  * Debugger PIN: 130-493-478
2026-02-23 17:07:10,789 - werkzeug - INFO - [_internal.py:97] -  * Detected change in '/home/marcus/.openclaw/workspace/cs50-final-project/app/__init__.py', reloading
2026-02-23 17:07:10,890 - werkzeug - INFO - [_internal.py:97] -  * Restarting with stat
2026-02-23 17:07:11,400 - root - INFO - [logging_config.py:69] - Logging configured with level: DEBUG
/home/marcus/.openclaw/workspace/cs50-final-project/venv/lib/python3.12/site-packages/flask_limiter/extension.py:324: UserWarning: Using the in-memory storage for tracking rate limits as no storage was explicitly specified. This is not recommended for production use. See: https://flask-limiter.readthedocs.io#configuring-a-storage-backend for documentation about configuring the storage backend.
  warnings.warn(
2026-02-23 17:07:11,474 - werkzeug - WARNING - [_internal.py:97] -  * Debugger is active!
2026-02-23 17:07:11,476 - werkzeug - INFO - [_internal.py:97] -  * Debugger PIN: 130-493-478
2026-02-23 17:07:33,766 - werkzeug - INFO - [_internal.py:97] -  * Detected change in '/home/marcus/.openclaw/workspace/cs50-final-project/app/blueprints/api/routes.py', reloading
2026-02-23 17:07:33,869 - werkzeug - INFO - [_internal.py:97] -  * Restarting with stat
2026-02-23 17:07:34,382 - root - INFO - [logging_config.py:69] - Logging configured with level: DEBUG
/home/marcus/.openclaw/workspace/cs50-final-project/venv/lib/python3.12/site-packages/flask_limiter/extension.py:324: UserWarning: Using the in-memory storage for tracking rate limits as no storage was explicitly specified. This is not recommended for production use. See: https://flask-limiter.readthedocs.io#configuring-a-storage-backend for documentation about configuring the storage backend.
  warnings.warn(
2026-02-23 17:07:34,454 - werkzeug - WARNING - [_internal.py:97] -  * Debugger is active!
2026-02-23 17:07:34,456 - werkzeug - INFO - [_internal.py:97] -  * Debugger PIN: 130-493-478
2026-02-23 17:07:39,550 - werkzeug - INFO - [_internal.py:97] -  * Detected change in '/home/marcus/.openclaw/workspace/cs50-final-project/app/blueprints/admin/routes.py', reloading
2026-02-23 17:07:39,651 - werkzeug - INFO - [_internal.py:97] -  * Restarting with stat
2026-02-23 17:07:40,163 - root - INFO - [logging_config.py:69] - Logging configured with level: DEBUG
/home/marcus/.openclaw/workspace/cs50-final-project/venv/lib/python3.12/site-packages/flask_limiter/extension.py:324: UserWarning: Using the in-memory storage for tracking rate limits as no storage was explicitly specified. This is not recommended for production use. See: https://flask-limiter.readthedocs.io#configuring-a-storage-backend for documentation about configuring the storage backend.
  warnings.warn(
2026-02-23 17:07:40,239 - werkzeug - WARNING - [_internal.py:97] -  * Debugger is active!
2026-02-23 17:07:40,241 - werkzeug - INFO - [_internal.py:97] -  * Debugger PIN: 130-493-478
2026-02-23 17:07:57,495 - werkzeug - INFO - [_internal.py:97] -  * Detected change in '/home/marcus/.openclaw/workspace/cs50-final-project/app/blueprints/admin/routes.py', reloading
2026-02-23 17:07:57,596 - werkzeug - INFO - [_internal.py:97] -  * Restarting with stat
2026-02-23 17:07:58,110 - root - INFO - [logging_config.py:69] - Logging configured with level: DEBUG
/home/marcus/.openclaw/workspace/cs50-final-project/venv/lib/python3.12/site-packages/flask_limiter/extension.py:324: UserWarning: Using the in-memory storage for tracking rate limits as no storage was explicitly specified. This is not recommended for production use. See: https://flask-limiter.readthedocs.io#configuring-a-storage-backend for documentation about configuring the storage backend.
  warnings.warn(
2026-02-23 17:07:58,187 - werkzeug - WARNING - [_internal.py:97] -  * Debugger is active!
2026-02-23 17:07:58,189 - werkzeug - INFO - [_internal.py:97] -  * Debugger PIN: 130-493-478
2026-02-23 17:08:20,522 - werkzeug - INFO - [_internal.py:97] -  * Detected change in '/home/marcus/.openclaw/workspace/cs50-final-project/app/blueprints/admin/routes.py', reloading
2026-02-23 17:08:20,624 - werkzeug - INFO - [_internal.py:97] -  * Restarting with stat
2026-02-23 17:08:21,131 - root - INFO - [logging_config.py:69] - Logging configured with level: DEBUG
/home/marcus/.openclaw/workspace/cs50-final-project/venv/lib/python3.12/site-packages/flask_limiter/extension.py:324: UserWarning: Using the in-memory storage for tracking rate limits as no storage was explicitly specified. This is not recommended for production use. See: https://flask-limiter.readthedocs.io#configuring-a-storage-backend for documentation about configuring the storage backend.
  warnings.warn(
2026-02-23 17:08:21,209 - werkzeug - WARNING - [_internal.py:97] -  * Debugger is active!
2026-02-23 17:08:21,211 - werkzeug - INFO - [_internal.py:97] -  * Debugger PIN: 130-493-478
2026-02-23 17:08:32,377 - werkzeug - INFO - [_internal.py:97] -  * Detected change in '/home/marcus/.openclaw/workspace/cs50-final-project/app/blueprints/walker/routes.py', reloading
2026-02-23 17:08:32,479 - werkzeug - INFO - [_internal.py:97] -  * Restarting with stat
2026-02-23 17:08:32,989 - root - INFO - [logging_config.py:69] - Logging configured with level: DEBUG
/home/marcus/.openclaw/workspace/cs50-final-project/venv/lib/python3.12/site-packages/flask_limiter/extension.py:324: UserWarning: Using the in-memory storage for tracking rate limits as no storage was explicitly specified. This is not recommended for production use. See: https://flask-limiter.readthedocs.io#configuring-a-storage-backend for documentation about configuring the storage backend.
  warnings.warn(
2026-02-23 17:08:33,062 - werkzeug - WARNING - [_internal.py:97] -  * Debugger is active!
2026-02-23 17:08:33,064 - werkzeug - INFO - [_internal.py:97] -  * Debugger PIN: 130-493-478
2026-02-23 17:08:37,128 - werkzeug - INFO - [_internal.py:97] -  * Detected change in '/home/marcus/.openclaw/workspace/cs50-final-project/app/blueprints/walker/routes.py', reloading
2026-02-23 17:08:37,229 - werkzeug - INFO - [_internal.py:97] -  * Restarting with stat
2026-02-23 17:08:37,739 - root - INFO - [logging_config.py:69] - Logging configured with level: DEBUG
/home/marcus/.openclaw/workspace/cs50-final-project/venv/lib/python3.12/site-packages/flask_limiter/extension.py:324: UserWarning: Using the in-memory storage for tracking rate limits as no storage was explicitly specified. This is not recommended for production use. See: https://flask-limiter.readthedocs.io#configuring-a-storage-backend for documentation about configuring the storage backend.
  warnings.warn(
2026-02-23 17:08:37,811 - werkzeug - WARNING - [_internal.py:97] -  * Debugger is active!
2026-02-23 17:08:37,813 - werkzeug - INFO - [_internal.py:97] -  * Debugger PIN: 130-493-478
2026-02-23 17:08:40,882 - werkzeug - INFO - [_internal.py:97] -  * Detected change in '/home/marcus/.openclaw/workspace/cs50-final-project/app/blueprints/walker/routes.py', reloading
2026-02-23 17:08:40,982 - werkzeug - INFO - [_internal.py:97] -  * Restarting with stat
2026-02-23 17:08:41,493 - root - INFO - [logging_config.py:69] - Logging configured with level: DEBUG
/home/marcus/.openclaw/workspace/cs50-final-project/venv/lib/python3.12/site-packages/flask_limiter/extension.py:324: UserWarning: Using the in-memory storage for tracking rate limits as no storage was explicitly specified. This is not recommended for production use. See: https://flask-limiter.readthedocs.io#configuring-a-storage-backend for documentation about configuring the storage backend.
  warnings.warn(
2026-02-23 17:08:41,565 - werkzeug - WARNING - [_internal.py:97] -  * Debugger is active!
2026-02-23 17:08:41,567 - werkzeug - INFO - [_internal.py:97] -  * Debugger PIN: 130-493-478
2026-02-23 17:08:53,736 - werkzeug - INFO - [_internal.py:97] -  * Detected change in '/home/marcus/.openclaw/workspace/cs50-final-project/app/blueprints/admin/routes.py', reloading
2026-02-23 17:08:53,839 - werkzeug - INFO - [_internal.py:97] -  * Restarting with stat
2026-02-23 17:08:54,352 - root - INFO - [logging_config.py:69] - Logging configured with level: DEBUG
/home/marcus/.openclaw/workspace/cs50-final-project/venv/lib/python3.12/site-packages/flask_limiter/extension.py:324: UserWarning: Using the in-memory storage for tracking rate limits as no storage was explicitly specified. This is not recommended for production use. See: https://flask-limiter.readthedocs.io#configuring-a-storage-backend for documentation about configuring the storage backend.
  warnings.warn(
2026-02-23 17:08:54,429 - werkzeug - WARNING - [_internal.py:97] -  * Debugger is active!
2026-02-23 17:08:54,431 - werkzeug - INFO - [_internal.py:97] -  * Debugger PIN: 130-493-478
2026-02-23 17:09:07,603 - werkzeug - INFO - [_internal.py:97] -  * Detected change in '/home/marcus/.openclaw/workspace/cs50-final-project/app/blueprints/admin/routes.py', reloading
2026-02-23 17:09:07,705 - werkzeug - INFO - [_internal.py:97] -  * Restarting with stat
2026-02-23 17:09:08,216 - root - INFO - [logging_config.py:69] - Logging configured with level: DEBUG
/home/marcus/.openclaw/workspace/cs50-final-project/venv/lib/python3.12/site-packages/flask_limiter/extension.py:324: UserWarning: Using the in-memory storage for tracking rate limits as no storage was explicitly specified. This is not recommended for production use. See: https://flask-limiter.readthedocs.io#configuring-a-storage-backend for documentation about configuring the storage backend.
  warnings.warn(
Traceback (most recent call last):
  File "/home/marcus/.openclaw/workspace/cs50-final-project/venv/lib/python3.12/site-packages/flask/cli.py", line 963, in run_command
    app: WSGIApplication = info.load_app()  # pyright: ignore
                           ^^^^^^^^^^^^^^^
  File "/home/marcus/.openclaw/workspace/cs50-final-project/venv/lib/python3.12/site-packages/flask/cli.py", line 353, in load_app
    app = locate_app(import_name, None, raise_if_not_found=False)
          ^^^^^^^^^^^^^^^^^^^^^^^^^^^^^^^^^^^^^^^^^^^^^^^^^^^^^^^
  File "/home/marcus/.openclaw/workspace/cs50-final-project/venv/lib/python3.12/site-packages/flask/cli.py", line 262, in locate_app
    return find_best_app(module)
           ^^^^^^^^^^^^^^^^^^^^^
  File "/home/marcus/.openclaw/workspace/cs50-final-project/venv/lib/python3.12/site-packages/flask/cli.py", line 72, in find_best_app
    app = app_factory()
          ^^^^^^^^^^^^^
  File "/home/marcus/.openclaw/workspace/cs50-final-project/app/__init__.py", line 175, in create_app
    register_blueprints(app)
  File "/home/marcus/.openclaw/workspace/cs50-final-project/app/blueprints/register.py", line 19, in register_blueprints
    from app.blueprints.admin import admin_bp
  File "/home/marcus/.openclaw/workspace/cs50-final-project/app/blueprints/admin/__init__.py", line 11, in <module>
    from app.blueprints.admin import routes
  File "/home/marcus/.openclaw/workspace/cs50-final-project/app/blueprints/admin/routes.py", line 324
    if form.validate_on_submit():
IndentationError: unexpected indent
2026-02-23 17:09:08,270 - werkzeug - WARNING - [_internal.py:97] -  * Debugger is active!
2026-02-23 17:09:08,272 - werkzeug - INFO - [_internal.py:97] -  * Debugger PIN: 926-274-110
2026-02-23 17:09:17,410 - werkzeug - INFO - [_internal.py:97] -  * Detected change in '/home/marcus/.openclaw/workspace/cs50-final-project/app/blueprints/admin/routes.py', reloading
2026-02-23 17:09:17,508 - werkzeug - INFO - [_internal.py:97] -  * Restarting with stat
2026-02-23 17:09:18,021 - root - INFO - [logging_config.py:69] - Logging configured with level: DEBUG
/home/marcus/.openclaw/workspace/cs50-final-project/venv/lib/python3.12/site-packages/flask_limiter/extension.py:324: UserWarning: Using the in-memory storage for tracking rate limits as no storage was explicitly specified. This is not recommended for production use. See: https://flask-limiter.readthedocs.io#configuring-a-storage-backend for documentation about configuring the storage backend.
  warnings.warn(
Traceback (most recent call last):
  File "/home/marcus/.openclaw/workspace/cs50-final-project/venv/lib/python3.12/site-packages/flask/cli.py", line 963, in run_command
    app: WSGIApplication = info.load_app()  # pyright: ignore
                           ^^^^^^^^^^^^^^^
  File "/home/marcus/.openclaw/workspace/cs50-final-project/venv/lib/python3.12/site-packages/flask/cli.py", line 353, in load_app
    app = locate_app(import_name, None, raise_if_not_found=False)
          ^^^^^^^^^^^^^^^^^^^^^^^^^^^^^^^^^^^^^^^^^^^^^^^^^^^^^^^
  File "/home/marcus/.openclaw/workspace/cs50-final-project/venv/lib/python3.12/site-packages/flask/cli.py", line 262, in locate_app
    return find_best_app(module)
           ^^^^^^^^^^^^^^^^^^^^^
  File "/home/marcus/.openclaw/workspace/cs50-final-project/venv/lib/python3.12/site-packages/flask/cli.py", line 72, in find_best_app
    app = app_factory()
          ^^^^^^^^^^^^^
  File "/home/marcus/.openclaw/workspace/cs50-final-project/app/__init__.py", line 175, in create_app
    register_blueprints(app)
  File "/home/marcus/.openclaw/workspace/cs50-final-project/app/blueprints/register.py", line 19, in register_blueprints
    from app.blueprints.admin import admin_bp
  File "/home/marcus/.openclaw/workspace/cs50-final-project/app/blueprints/admin/__init__.py", line 11, in <module>
    from app.blueprints.admin import routes
  File "/home/marcus/.openclaw/workspace/cs50-final-project/app/blueprints/admin/routes.py", line 321
    if form.validate_on_submit():
IndentationError: unexpected indent
2026-02-23 17:09:18,075 - werkzeug - WARNING - [_internal.py:97] -  * Debugger is active!
2026-02-23 17:09:18,077 - werkzeug - INFO - [_internal.py:97] -  * Debugger PIN: 926-274-110
2026-02-23 17:09:30,227 - werkzeug - INFO - [_internal.py:97] -  * Detected change in '/home/marcus/.openclaw/workspace/cs50-final-project/app/blueprints/admin/routes.py', reloading
2026-02-23 17:09:30,325 - werkzeug - INFO - [_internal.py:97] -  * Restarting with stat
2026-02-23 17:09:30,837 - root - INFO - [logging_config.py:69] - Logging configured with level: DEBUG
/home/marcus/.openclaw/workspace/cs50-final-project/venv/lib/python3.12/site-packages/flask_limiter/extension.py:324: UserWarning: Using the in-memory storage for tracking rate limits as no storage was explicitly specified. This is not recommended for production use. See: https://flask-limiter.readthedocs.io#configuring-a-storage-backend for documentation about configuring the storage backend.
  warnings.warn(
Traceback (most recent call last):
  File "/home/marcus/.openclaw/workspace/cs50-final-project/venv/lib/python3.12/site-packages/flask/cli.py", line 963, in run_command
    app: WSGIApplication = info.load_app()  # pyright: ignore
                           ^^^^^^^^^^^^^^^
  File "/home/marcus/.openclaw/workspace/cs50-final-project/venv/lib/python3.12/site-packages/flask/cli.py", line 353, in load_app
    app = locate_app(import_name, None, raise_if_not_found=False)
          ^^^^^^^^^^^^^^^^^^^^^^^^^^^^^^^^^^^^^^^^^^^^^^^^^^^^^^^
  File "/home/marcus/.openclaw/workspace/cs50-final-project/venv/lib/python3.12/site-packages/flask/cli.py", line 262, in locate_app
    return find_best_app(module)
           ^^^^^^^^^^^^^^^^^^^^^
  File "/home/marcus/.openclaw/workspace/cs50-final-project/venv/lib/python3.12/site-packages/flask/cli.py", line 72, in find_best_app
    app = app_factory()
          ^^^^^^^^^^^^^
  File "/home/marcus/.openclaw/workspace/cs50-final-project/app/__init__.py", line 175, in create_app
    register_blueprints(app)
  File "/home/marcus/.openclaw/workspace/cs50-final-project/app/blueprints/register.py", line 19, in register_blueprints
    from app.blueprints.admin import admin_bp
  File "/home/marcus/.openclaw/workspace/cs50-final-project/app/blueprints/admin/__init__.py", line 11, in <module>
    from app.blueprints.admin import routes
  File "/home/marcus/.openclaw/workspace/cs50-final-project/app/blueprints/admin/routes.py", line 319
    if form.validate_on_submit():
IndentationError: unexpected indent
2026-02-23 17:09:30,891 - werkzeug - WARNING - [_internal.py:97] -  * Debugger is active!
2026-02-23 17:09:30,893 - werkzeug - INFO - [_internal.py:97] -  * Debugger PIN: 926-274-110
2026-02-23 17:10:06,289 - werkzeug - INFO - [_internal.py:97] -  * Detected change in '/home/marcus/.openclaw/workspace/cs50-final-project/config.py', reloading
2026-02-23 17:10:06,387 - werkzeug - INFO - [_internal.py:97] -  * Restarting with stat
2026-02-23 17:10:06,897 - root - INFO - [logging_config.py:69] - Logging configured with level: DEBUG
/home/marcus/.openclaw/workspace/cs50-final-project/venv/lib/python3.12/site-packages/flask_limiter/extension.py:324: UserWarning: Using the in-memory storage for tracking rate limits as no storage was explicitly specified. This is not recommended for production use. See: https://flask-limiter.readthedocs.io#configuring-a-storage-backend for documentation about configuring the storage backend.
  warnings.warn(
Traceback (most recent call last):
  File "/home/marcus/.openclaw/workspace/cs50-final-project/venv/lib/python3.12/site-packages/flask/cli.py", line 963, in run_command
    app: WSGIApplication = info.load_app()  # pyright: ignore
                           ^^^^^^^^^^^^^^^
  File "/home/marcus/.openclaw/workspace/cs50-final-project/venv/lib/python3.12/site-packages/flask/cli.py", line 353, in load_app
    app = locate_app(import_name, None, raise_if_not_found=False)
          ^^^^^^^^^^^^^^^^^^^^^^^^^^^^^^^^^^^^^^^^^^^^^^^^^^^^^^^
  File "/home/marcus/.openclaw/workspace/cs50-final-project/venv/lib/python3.12/site-packages/flask/cli.py", line 262, in locate_app
    return find_best_app(module)
           ^^^^^^^^^^^^^^^^^^^^^
  File "/home/marcus/.openclaw/workspace/cs50-final-project/venv/lib/python3.12/site-packages/flask/cli.py", line 72, in find_best_app
    app = app_factory()
          ^^^^^^^^^^^^^
  File "/home/marcus/.openclaw/workspace/cs50-final-project/app/__init__.py", line 175, in create_app
    register_blueprints(app)
  File "/home/marcus/.openclaw/workspace/cs50-final-project/app/blueprints/register.py", line 19, in register_blueprints
    from app.blueprints.admin import admin_bp
  File "/home/marcus/.openclaw/workspace/cs50-final-project/app/blueprints/admin/__init__.py", line 11, in <module>
    from app.blueprints.admin import routes
  File "/home/marcus/.openclaw/workspace/cs50-final-project/app/blueprints/admin/routes.py", line 319
    if form.validate_on_submit():
IndentationError: unexpected indent
2026-02-23 17:10:06,952 - werkzeug - WARNING - [_internal.py:97] -  * Debugger is active!
2026-02-23 17:10:06,953 - werkzeug - INFO - [_internal.py:97] -  * Debugger PIN: 926-274-110
2026-02-23 17:10:30,233 - werkzeug - INFO - [_internal.py:97] -  * Detected change in '/home/marcus/.openclaw/workspace/cs50-final-project/app/blueprints/admin/routes.py', reloading
2026-02-23 17:10:30,334 - werkzeug - INFO - [_internal.py:97] -  * Restarting with stat
2026-02-23 17:10:30,846 - root - INFO - [logging_config.py:69] - Logging configured with level: DEBUG
/home/marcus/.openclaw/workspace/cs50-final-project/venv/lib/python3.12/site-packages/flask_limiter/extension.py:324: UserWarning: Using the in-memory storage for tracking rate limits as no storage was explicitly specified. This is not recommended for production use. See: https://flask-limiter.readthedocs.io#configuring-a-storage-backend for documentation about configuring the storage backend.
  warnings.warn(
Traceback (most recent call last):
  File "/home/marcus/.openclaw/workspace/cs50-final-project/venv/lib/python3.12/site-packages/flask/cli.py", line 963, in run_command
    app: WSGIApplication = info.load_app()  # pyright: ignore
                           ^^^^^^^^^^^^^^^
  File "/home/marcus/.openclaw/workspace/cs50-final-project/venv/lib/python3.12/site-packages/flask/cli.py", line 353, in load_app
    app = locate_app(import_name, None, raise_if_not_found=False)
          ^^^^^^^^^^^^^^^^^^^^^^^^^^^^^^^^^^^^^^^^^^^^^^^^^^^^^^^
  File "/home/marcus/.openclaw/workspace/cs50-final-project/venv/lib/python3.12/site-packages/flask/cli.py", line 262, in locate_app
    return find_best_app(module)
           ^^^^^^^^^^^^^^^^^^^^^
  File "/home/marcus/.openclaw/workspace/cs50-final-project/venv/lib/python3.12/site-packages/flask/cli.py", line 72, in find_best_app
    app = app_factory()
          ^^^^^^^^^^^^^
  File "/home/marcus/.openclaw/workspace/cs50-final-project/app/__init__.py", line 175, in create_app
    register_blueprints(app)
  File "/home/marcus/.openclaw/workspace/cs50-final-project/app/blueprints/register.py", line 19, in register_blueprints
    from app.blueprints.admin import admin_bp
  File "/home/marcus/.openclaw/workspace/cs50-final-project/app/blueprints/admin/__init__.py", line 11, in <module>
    from app.blueprints.admin import routes
  File "/home/marcus/.openclaw/workspace/cs50-final-project/app/blueprints/admin/routes.py", line 383
    except Exception as e:
                          ^
IndentationError: unindent does not match any outer indentation level
2026-02-23 17:10:30,898 - werkzeug - WARNING - [_internal.py:97] -  * Debugger is active!
2026-02-23 17:10:30,900 - werkzeug - INFO - [_internal.py:97] -  * Debugger PIN: 926-274-110
2026-02-23 17:10:53,198 - werkzeug - INFO - [_internal.py:97] -  * Detected change in '/home/marcus/.openclaw/workspace/cs50-final-project/app/blueprints/admin/routes.py', reloading
2026-02-23 17:10:53,308 - werkzeug - INFO - [_internal.py:97] -  * Restarting with stat
2026-02-23 17:10:53,816 - root - INFO - [logging_config.py:69] - Logging configured with level: DEBUG
/home/marcus/.openclaw/workspace/cs50-final-project/venv/lib/python3.12/site-packages/flask_limiter/extension.py:324: UserWarning: Using the in-memory storage for tracking rate limits as no storage was explicitly specified. This is not recommended for production use. See: https://flask-limiter.readthedocs.io#configuring-a-storage-backend for documentation about configuring the storage backend.
  warnings.warn(
2026-02-23 17:10:53,892 - werkzeug - WARNING - [_internal.py:97] -  * Debugger is active!
2026-02-23 17:10:53,894 - werkzeug - INFO - [_internal.py:97] -  * Debugger PIN: 130-493-478
